[2015-12-15 09:22:33] /33hao/admin/index.php?act=rec_position&op=del_detail&adp_apply_id=6 ( act=rec_position&op=del_detail ) 
ERR: Db Error: You have an error in your SQL syntax; check the manual that corresponds to your MySQL server version for the right syntax to use near '0','2'')' at line 1
DELETE FROM `33hao_rec_applys`  WHERE  adp_apply_id in ('6') and adp_apply_state in (''0','2'')
[2015-12-15 09:22:42] /33hao/shop/index.php?act=store_promotion_booth&op=adposition_apply&adp_id=12 ( act=store_promotion_booth&op=adposition_apply ) 
ERR: Db Error: You have an error in your SQL syntax; check the manual that corresponds to your MySQL server version for the right syntax to use near '0','1','3'') and rec_applys.store_id='12'' at line 1
SELECT rec_applys.* FROM `33hao_rec_applys` as `rec_applys`  WHERE  rec_applys.adp_id = '12' and adp_apply_state in (''0','1','3'') and rec_applys.store_id='12'
[2015-12-15 09:23:54] /33hao/shop/index.php?act=store_promotion_booth&op=adposition_apply&adp_id=12 ( act=store_promotion_booth&op=adposition_apply ) 
ERR: Db Error: You have an error in your SQL syntax; check the manual that corresponds to your MySQL server version for the right syntax to use near '0','1','3'') and rec_applys.store_id='12'' at line 1
SELECT rec_applys.* FROM `33hao_rec_applys` as `rec_applys`  WHERE  rec_applys.adp_id = '12' and adp_apply_state in (''0','1','3'') and rec_applys.store_id='12'
[2015-12-15 09:24:42] /33hao/shop/index.php?act=store_promotion_booth&op=adposition_apply&adp_id=12 ( act=store_promotion_booth&op=adposition_apply ) 
ERR: Db Error: You have an error in your SQL syntax; check the manual that corresponds to your MySQL server version for the right syntax to use near '0','1','3'') and rec_applys.store_id='12'' at line 1
SELECT rec_applys.* FROM `33hao_rec_applys` as `rec_applys`  WHERE  rec_applys.adp_id = '12' and adp_apply_state in (''0','1','3'') and rec_applys.store_id='12'
[2015-12-15 09:25:52] /33hao/shop/index.php?act=store_promotion_booth&op=adposition_apply&adp_id=12 ( act=store_promotion_booth&op=adposition_apply ) 
ERR: Db Error: You have an error in your SQL syntax; check the manual that corresponds to your MySQL server version for the right syntax to use near '0','1','3'') and rec_applys.store_id='12'' at line 1
SELECT rec_applys.* FROM `33hao_rec_applys` as `rec_applys`  WHERE  rec_applys.adp_id = '12' and adp_apply_state in (''0','1','3'') and rec_applys.store_id='12'
[2015-12-15 09:26:07] /33hao/shop/index.php?act=store_promotion_booth&op=adposition_apply&adp_id=12 ( act=store_promotion_booth&op=adposition_apply ) 
ERR: Db Error: You have an error in your SQL syntax; check the manual that corresponds to your MySQL server version for the right syntax to use near '0','1','3'') and rec_applys.store_id='12'' at line 1
SELECT rec_applys.* FROM `33hao_rec_applys` as `rec_applys`  WHERE  rec_applys.adp_id = '12' and adp_apply_state in (''0','1','3'') and rec_applys.store_id='12'
[2015-12-15 09:27:41] /33hao/shop/index.php?act=store_promotion_booth&op=adposition_apply&adp_id=12 ( act=store_promotion_booth&op=adposition_apply ) 
ERR: Db Error: You have an error in your SQL syntax; check the manual that corresponds to your MySQL server version for the right syntax to use near '0','1','3'') and rec_applys.store_id='12'' at line 1
SELECT rec_applys.* FROM `33hao_rec_applys` as `rec_applys`  WHERE  rec_applys.adp_id = '12' and adp_apply_state in (''0','1','3'') and rec_applys.store_id='12'
[2015-12-15 09:27:51] /33hao/shop/index.php?act=store_promotion_booth&op=adposition_apply&adp_id=12 ( act=store_promotion_booth&op=adposition_apply ) 
ERR: Db Error: You have an error in your SQL syntax; check the manual that corresponds to your MySQL server version for the right syntax to use near '0','1','3'') and rec_applys.store_id='12'' at line 1
SELECT rec_applys.* FROM `33hao_rec_applys` as `rec_applys`  WHERE  rec_applys.adp_id = '12' and adp_apply_state in (''0','1','3'') and rec_applys.store_id='12'
[2015-12-15 09:28:52] /33hao/shop/index.php?act=store_promotion_booth&op=adposition_apply&adp_id=12 ( act=store_promotion_booth&op=adposition_apply ) 
ERR: Db Error: You have an error in your SQL syntax; check the manual that corresponds to your MySQL server version for the right syntax to use near '0','1','3'')' at line 1
SELECT rec_applys.* FROM `33hao_rec_applys` as `rec_applys`  WHERE  rec_applys.adp_id = '12' and adp_apply_state in (''0','1','3'')
[2015-12-15 09:31:29] /33hao/shop/index.php?act=store_promotion_booth&op=adposition_apply&adp_id=12 ( act=store_promotion_booth&op=adposition_apply ) 
ERR: Db Error: You have an error in your SQL syntax; check the manual that corresponds to your MySQL server version for the right syntax to use near '0','1','3'') and rec_applys.store_id='12'' at line 1
SELECT rec_applys.* FROM `33hao_rec_applys` as `rec_applys`  WHERE  rec_applys.adp_id = '12' and adp_apply_state in (''0','1','3'') and rec_applys.store_id='12'
[2015-12-15 10:13:16] /33hao/shop/index.php?act=store_promotion_booth&op=adposition_apply&adp_id=12&name=4 ( act=store_promotion_booth&op=adposition_apply ) 
ERR: Db Error: Unknown column 'adp_apply_state1' in 'where clause'
SELECT rec_applys.* FROM `33hao_rec_applys` as `rec_applys`  WHERE  rec_applys.adp_id = '12' and adp_apply_state1 in ('0,1,3') and rec_applys.store_id='12'
[2015-12-15 10:14:07] /33hao/shop/index.php?act=store_promotion_booth&op=adposition_apply&adp_id=12&name=4 ( act=store_promotion_booth&op=adposition_apply ) 
ERR: Db Error: Unknown column 'mansong_id' in 'where clause'
SELECT * FROM `33hao_p_xianshi` as `p_xianshi`  WHERE  mansong_id=12
[2015-12-15 10:14:07] /33hao/shop/index.php?act=store_promotion_booth&op=adposition_apply&adp_id=12&name=4 ( act=store_promotion_booth&op=adposition_apply ) 
ERR: Db Error: Unknown column 'mansong_id' in 'where clause'
SELECT * FROM `33hao_p_xianshi` as `p_xianshi`  WHERE  mansong_id=12
[2015-12-15 10:15:52] /33hao/shop/index.php?act=store_promotion_booth&op=adposition_apply&adp_id=12&name=4 ( act=store_promotion_booth&op=adposition_apply ) 
ERR: Db Error: Unknown column 'mansong_id' in 'where clause'
SELECT * FROM `33hao_p_xianshi` as `p_xianshi`  WHERE  mansong_id=12
[2015-12-15 10:15:52] /33hao/shop/index.php?act=store_promotion_booth&op=adposition_apply&adp_id=12&name=4 ( act=store_promotion_booth&op=adposition_apply ) 
ERR: Db Error: Unknown column 'mansong_id' in 'where clause'
SELECT * FROM `33hao_p_xianshi` as `p_xianshi`  WHERE  mansong_id=12
[2015-12-15 10:16:02] /33hao/shop/index.php?act=store_promotion_booth&op=adposition_apply&adp_id=12&name=4 ( act=store_promotion_booth&op=adposition_apply ) 
ERR: Db Error: Unknown column 'mansong_id' in 'where clause'
SELECT * FROM `33hao_p_xianshi` as `p_xianshi`  WHERE  mansong_id=12
[2015-12-15 10:16:02] /33hao/shop/index.php?act=store_promotion_booth&op=adposition_apply&adp_id=12&name=4 ( act=store_promotion_booth&op=adposition_apply ) 
ERR: Db Error: Unknown column 'mansong_id' in 'where clause'
SELECT * FROM `33hao_p_xianshi` as `p_xianshi`  WHERE  mansong_id=12
[2015-12-15 10:16:21] /33hao/shop/index.php?act=store_promotion_booth&op=adposition_apply&adp_id=12&name=4 ( act=store_promotion_booth&op=adposition_apply ) 
ERR: Db Error: Unknown column 'mansong_id' in 'where clause'
SELECT * FROM `33hao_p_xianshi` as `p_xianshi`  WHERE  mansong_id=12
[2015-12-15 10:16:21] /33hao/shop/index.php?act=store_promotion_booth&op=adposition_apply&adp_id=12&name=4 ( act=store_promotion_booth&op=adposition_apply ) 
ERR: Db Error: Unknown column 'mansong_id' in 'where clause'
SELECT * FROM `33hao_p_xianshi` as `p_xianshi`  WHERE  mansong_id=12
[2015-12-15 10:18:21] /33hao/shop/index.php?act=store_promotion_booth&op=adposition_apply&adp_id=12&name=4 ( act=store_promotion_booth&op=adposition_apply ) 
ERR: Db Error: Unknown column 'mansong_id' in 'where clause'
SELECT * FROM `33hao_p_xianshi` as `p_xianshi`  WHERE  mansong_id=12
[2015-12-15 10:18:21] /33hao/shop/index.php?act=store_promotion_booth&op=adposition_apply&adp_id=12&name=4 ( act=store_promotion_booth&op=adposition_apply ) 
ERR: Db Error: Unknown column 'mansong_id' in 'where clause'
SELECT * FROM `33hao_p_xianshi` as `p_xianshi`  WHERE  mansong_id=12
[2015-12-15 10:18:59] /33hao/shop/index.php?act=store_promotion_booth&op=adposition_apply&adp_id=12&name=4 ( act=store_promotion_booth&op=adposition_apply ) 
ERR: Db Error: Unknown column 'mansong_id' in 'where clause'
SELECT * FROM `33hao_p_xianshi` as `p_xianshi`  WHERE  mansong_id=12
[2015-12-15 10:18:59] /33hao/shop/index.php?act=store_promotion_booth&op=adposition_apply&adp_id=12&name=4 ( act=store_promotion_booth&op=adposition_apply ) 
ERR: Db Error: Unknown column 'mansong_id' in 'where clause'
SELECT * FROM `33hao_p_xianshi` as `p_xianshi`  WHERE  mansong_id=12
[2015-12-15 10:20:26] /33hao/shop/index.php?act=store_promotion_booth&op=adposition_apply&adp_id=12&name=4 ( act=store_promotion_booth&op=adposition_apply ) 
ERR: Db Error: Unknown column 'mansong_id' in 'where clause'
SELECT * FROM `33hao_p_xianshi` as `p_xianshi`  WHERE  mansong_id=12
[2015-12-15 10:20:26] /33hao/shop/index.php?act=store_promotion_booth&op=adposition_apply&adp_id=12&name=4 ( act=store_promotion_booth&op=adposition_apply ) 
ERR: Db Error: Unknown column 'mansong_id' in 'where clause'
SELECT * FROM `33hao_p_xianshi` as `p_xianshi`  WHERE  mansong_id=12
[2015-12-15 10:21:01] /33hao/shop/index.php?act=store_promotion_booth&op=adposition_apply&adp_id=12&name=4 ( act=store_promotion_booth&op=adposition_apply ) 
ERR: Db Error: Unknown column 'mansong_id' in 'where clause'
SELECT * FROM `33hao_p_xianshi` as `p_xianshi`  WHERE  mansong_id=12
[2015-12-15 10:21:01] /33hao/shop/index.php?act=store_promotion_booth&op=adposition_apply&adp_id=12&name=4 ( act=store_promotion_booth&op=adposition_apply ) 
ERR: Db Error: Unknown column 'mansong_id' in 'where clause'
SELECT * FROM `33hao_p_xianshi` as `p_xianshi`  WHERE  mansong_id=12
[2015-12-15 10:21:10] /33hao/shop/index.php?act=store_promotion_booth&op=adposition_apply&adp_id=12&name=4 ( act=store_promotion_booth&op=adposition_apply ) 
ERR: Db Error: Unknown column 'mansong_id' in 'where clause'
SELECT * FROM `33hao_p_xianshi` as `p_xianshi`  WHERE  mansong_id=12
[2015-12-15 10:21:10] /33hao/shop/index.php?act=store_promotion_booth&op=adposition_apply&adp_id=12&name=4 ( act=store_promotion_booth&op=adposition_apply ) 
ERR: Db Error: Unknown column 'mansong_id' in 'where clause'
SELECT * FROM `33hao_p_xianshi` as `p_xianshi`  WHERE  mansong_id=12
[2015-12-15 10:21:20] /33hao/shop/index.php?act=store_promotion_booth&op=adposition_apply&adp_id=12&name=4 ( act=store_promotion_booth&op=adposition_apply ) 
ERR: Db Error: Unknown column 'mansong_id' in 'where clause'
SELECT * FROM `33hao_p_xianshi` as `p_xianshi`  WHERE  mansong_id=12
[2015-12-15 10:21:20] /33hao/shop/index.php?act=store_promotion_booth&op=adposition_apply&adp_id=12&name=4 ( act=store_promotion_booth&op=adposition_apply ) 
ERR: Db Error: Unknown column 'mansong_id' in 'where clause'
SELECT * FROM `33hao_p_xianshi` as `p_xianshi`  WHERE  mansong_id=12
[2015-12-15 10:23:07] /33hao/shop/index.php?act=store_promotion_booth&op=adposition_apply&adp_id=12&name=4 ( act=store_promotion_booth&op=adposition_apply ) 
ERR: Db Error: Unknown column 'mansong_id' in 'where clause'
SELECT * FROM `33hao_p_xianshi` as `p_xianshi`  WHERE  mansong_id=12
[2015-12-15 10:23:07] /33hao/shop/index.php?act=store_promotion_booth&op=adposition_apply&adp_id=12&name=4 ( act=store_promotion_booth&op=adposition_apply ) 
ERR: Db Error: Unknown column 'mansong_id' in 'where clause'
SELECT * FROM `33hao_p_xianshi` as `p_xianshi`  WHERE  mansong_id=12
[2015-12-15 10:24:27] /33hao/shop/index.php?act=store_promotion_booth&op=adposition_apply&adp_id=12&name=4 ( act=store_promotion_booth&op=adposition_apply ) 
ERR: Db Error: Unknown column 'mansong_id' in 'where clause'
SELECT * FROM `33hao_p_xianshi` as `p_xianshi`  WHERE  mansong_id=12
[2015-12-15 10:24:27] /33hao/shop/index.php?act=store_promotion_booth&op=adposition_apply&adp_id=12&name=4 ( act=store_promotion_booth&op=adposition_apply ) 
ERR: Db Error: Unknown column 'mansong_id' in 'where clause'
SELECT * FROM `33hao_p_xianshi` as `p_xianshi`  WHERE  mansong_id=12
[2015-12-15 10:24:48] /33hao/shop/index.php?act=store_promotion_booth&op=adposition_apply&adp_id=12&name=4 ( act=store_promotion_booth&op=adposition_apply ) 
ERR: Db Error: Unknown column 'mansong_id' in 'where clause'
SELECT * FROM `33hao_p_xianshi` as `p_xianshi`  WHERE  mansong_id=12
[2015-12-15 10:24:48] /33hao/shop/index.php?act=store_promotion_booth&op=adposition_apply&adp_id=12&name=4 ( act=store_promotion_booth&op=adposition_apply ) 
ERR: Db Error: Unknown column 'mansong_id' in 'where clause'
SELECT * FROM `33hao_p_xianshi` as `p_xianshi`  WHERE  mansong_id=12
[2015-12-15 10:35:08] /33hao/shop/index.php?act=store_promotion_booth&op=adposition_apply&adp_id=12&name=33 ( act=store_promotion_booth&op=adposition_apply ) 
ERR: Db Error: Unknown column 'xianshi_id' in 'where clause'
SELECT * FROM `33hao_p_bundling` as `p_bundling`  WHERE  xianshi_id=4
