[2015-11-30 18:26:11] /33hao/shop/index.php?act=decoration&op=work_list ( act=decoration&op=work_list ) 
ERR: Db Error: Unknown column 'bid_state1' in 'where clause'
SELECT COUNT(*) AS nc_count FROM `33hao_bid` WHERE ( bid_work_id = '13' ) AND ( bid_user_id = '1' ) AND ( bid_state1 > '0' ) LIMIT 1  
[2015-11-30 18:26:11] /33hao/shop/index.php?act=decoration&op=work_list ( act=decoration&op=work_list ) 
ERR: Db Error: Unknown column 'bid_state1' in 'where clause'
SELECT COUNT(*) AS nc_count FROM `33hao_bid` WHERE ( bid_work_id = '13' ) AND ( bid_user_id = '1' ) AND ( bid_state1 > '0' ) LIMIT 1  
[2015-11-30 18:28:44] /33hao/shop/index.php?act=decoration&op=work_list ( act=decoration&op=work_list ) 
ERR: Db Error: Unknown column 'bid_state1' in 'where clause'
SELECT COUNT(*) AS nc_count FROM `33hao_bid` WHERE ( bid_work_id = '13' ) AND ( bid_dc_id = '1' ) AND ( bid_state1 > '0' ) LIMIT 1  
[2015-11-30 18:28:46] /33hao/shop/index.php?act=decoration&op=work_list ( act=decoration&op=work_list ) 
ERR: Db Error: Unknown column 'bid_state1' in 'where clause'
SELECT COUNT(*) AS nc_count FROM `33hao_bid` WHERE ( bid_work_id = '13' ) AND ( bid_dc_id = '1' ) AND ( bid_state1 > '0' ) LIMIT 1  
[2015-11-30 18:29:01] /33hao/shop/index.php?act=decoration&op=work_list ( act=decoration&op=work_list ) 
ERR: Db Error: Unknown column 'bid_state1' in 'where clause'
SELECT COUNT(*) AS nc_count FROM `33hao_bid` WHERE ( bid_work_id = '13' ) AND ( bid_dc_id = '1' ) AND ( bid_state1 > '0' ) LIMIT 1  
[2015-11-30 18:29:01] /33hao/shop/index.php?act=decoration&op=work_list ( act=decoration&op=work_list ) 
ERR: Db Error: Unknown column 'bid_state1' in 'where clause'
SELECT COUNT(*) AS nc_count FROM `33hao_bid` WHERE ( bid_work_id = '13' ) AND ( bid_dc_id = '1' ) AND ( bid_state1 > '0' ) LIMIT 1  
[2015-11-30 18:29:08] /33hao/shop/index.php?act=decoration&op=work_list ( act=decoration&op=work_list ) 
ERR: Db Error: Unknown column 'bid_state1' in 'where clause'
SELECT COUNT(*) AS nc_count FROM `33hao_bid` WHERE ( bid_work_id = '13' ) AND ( bid_dc_id = '1' ) AND ( bid_state1 > '0' ) LIMIT 1  
[2015-11-30 18:29:08] /33hao/shop/index.php?act=decoration&op=work_list ( act=decoration&op=work_list ) 
ERR: Db Error: Unknown column 'bid_state1' in 'where clause'
SELECT COUNT(*) AS nc_count FROM `33hao_bid` WHERE ( bid_work_id = '13' ) AND ( bid_dc_id = '1' ) AND ( bid_state1 > '0' ) LIMIT 1  
[2015-11-30 18:53:43] /33hao/shop/index.php?act=decoration&op=work_list ( act=decoration&op=work_list ) 
ERR: Db Error: Unknown column 'bt_rid' in 'where clause'
SELECT * FROM `33hao_bid` WHERE ( bt_rid = '13' ) ORDER BY lastuptime desc LIMIT 1000  
[2015-11-30 18:53:43] /33hao/shop/index.php?act=decoration&op=work_list ( act=decoration&op=work_list ) 
ERR: Db Error: Unknown column 'bt_rid' in 'where clause'
SELECT * FROM `33hao_bid` WHERE ( bt_rid = '13' ) ORDER BY lastuptime desc LIMIT 1000  
[2015-11-30 18:54:07] /33hao/shop/index.php?act=decoration&op=work_list ( act=decoration&op=work_list ) 
ERR: Db Error: Unknown column 'bt_rid' in 'where clause'
SELECT * FROM `33hao_bid` WHERE ( bt_rid = '13' ) ORDER BY lastuptime desc LIMIT 1000  
[2015-11-30 18:54:24] /33hao/shop/index.php?act=decoration&op=work_list ( act=decoration&op=work_list ) 
ERR: Db Error: Unknown column 'bt_rid1' in 'where clause'
SELECT * FROM `33hao_bid` WHERE ( bt_rid1 = '13' ) ORDER BY lastuptime desc LIMIT 1000  
[2015-11-30 18:55:29] /33hao/shop/index.php?act=decoration&op=work_list ( act=decoration&op=work_list ) 
ERR: Db Error: Unknown column 'bt_rid1' in 'where clause'
SELECT * FROM `33hao_bid` WHERE ( bt_rid1 = '13' ) ORDER BY bt_id desc LIMIT 1000  
[2015-11-30 18:56:35] /33hao/shop/index.php?act=decoration&op=work_list ( act=decoration&op=work_list ) 
ERR: Db Error: Unknown column 'bt_rid1' in 'where clause'
SELECT * FROM `33hao_bid` WHERE ( bt_rid1 = '13' ) ORDER BY bt_id desc LIMIT 1000  
[2015-11-30 18:58:28] /33hao/shop/index.php?act=decoration&op=work_list ( act=decoration&op=work_list ) 
ERR: Db Error: Unknown column 'bt_rid1' in 'where clause'
SELECT * FROM `33hao_bid` WHERE ( bt_rid1 = '13' ) ORDER BY bt_id desc LIMIT 1000  
