[2015-09-22 11:31:56] /33hao/shop/index.php?act=designer&op=designer_list ( act=designer&op=designer_list ) 
ERR: Db Error: Unknown column 'sn_store_id' in 'where clause'
SELECT * FROM `33hao_designer` WHERE ( sn_store_id = '1' ) LIMIT 1000  
[2015-09-22 11:33:22] /33hao/shop/index.php?act=designer&op=designer_list ( act=designer&op=designer_list ) 
ERR: Db Error: Unknown column 'sn_store_id' in 'where clause'
SELECT * FROM `33hao_designer` WHERE ( sn_store_id = '1' ) LIMIT 1000  
[2015-09-22 11:33:31] /33hao/shop/index.php?act=designer&op=designer_list ( act=designer&op=designer_list ) 
ERR: Db Error: Unknown column 'sn_store_id' in 'where clause'
SELECT * FROM `33hao_designer` WHERE ( sn_store_id = '1' ) LIMIT 1000  
[2015-09-22 15:10:53] /33hao/shop/index.php?act=designer&op=designer_list ( act=designer&op=designer_list ) 
ERR: Db Error: Unknown column 'sn_store_id' in 'where clause'
SELECT * FROM `33hao_designer` WHERE ( sn_store_id = '1' ) LIMIT 1000  
[2015-09-22 15:15:38] /33hao/shop/index.php?act=designer&op=designer_list ( act=designer&op=designer_list ) 
ERR: Db Error: Unknown column 'sn_store_id' in 'where clause'
SELECT * FROM `33hao_designer` WHERE ( sn_store_id = '1' ) LIMIT 1000  
[2015-09-22 15:15:57] /33hao/shop/index.php?act=designer&op=designer_list ( act=designer&op=designer_list ) 
ERR: Db Error: Unknown column 'sn_store_id' in 'where clause'
SELECT * FROM `33hao_designer` WHERE ( sn_store_id = '1' ) LIMIT 1000  
[2015-09-22 15:15:58] /33hao/shop/index.php?act=designer&op=designer_list ( act=designer&op=designer_list ) 
ERR: Db Error: Unknown column 'sn_store_id' in 'where clause'
SELECT * FROM `33hao_designer` WHERE ( sn_store_id = '1' ) LIMIT 1000  
[2015-09-22 15:43:57] /33hao/shop/index.php?act=designer&op=designer_list ( act=designer&op=designer_list ) 
ERR: Db Error: Unknown column 'sn_store_id' in 'where clause'
SELECT * FROM `33hao_designer` WHERE ( sn_store_id = '1' ) LIMIT 1000  
[2015-09-22 15:43:58] /33hao/shop/index.php?act=designer&op=designer_list ( act=designer&op=designer_list ) 
ERR: Db Error: Unknown column 'sn_store_id' in 'where clause'
SELECT * FROM `33hao_designer` WHERE ( sn_store_id = '1' ) LIMIT 1000  
[2015-09-22 15:53:16] /33hao/shop/index.php?act=designer&op=designer_list ( act=designer&op=designer_list ) 
ERR: Db Error: Unknown column 'sn_store_id' in 'where clause'
SELECT * FROM `33hao_designer` WHERE ( sn_store_id = '1' ) LIMIT 1000  
[2015-09-22 18:18:19] /33hao/shop/index.php?act=designer&op=designer_edit&sn_id=1 ( act=designer&op=designer_edit ) 
ERR: Db Error: Unknown column 'sn_id' in 'where clause'
SELECT * FROM `33hao_designer` WHERE ( sn_id = '1' ) LIMIT 1  
[2015-09-22 18:18:23] /33hao/shop/index.php?act=designer&op=designer_edit&sn_id=1 ( act=designer&op=designer_edit ) 
ERR: Db Error: Unknown column 'sn_id' in 'where clause'
SELECT * FROM `33hao_designer` WHERE ( sn_id = '1' ) LIMIT 1  
[2015-09-22 18:19:52] /33hao/shop/index.php?act=designer&op=designer_edit&sn_id=1 ( act=designer&op=designer_edit ) 
ERR: Db Error: Unknown column 'sn_id' in 'where clause'
SELECT * FROM `33hao_designer` WHERE ( sn_id = '1' ) LIMIT 1  
[2015-09-22 18:20:07] /33hao/shop/index.php?act=designer&op=designer_edit&sn_id=1 ( act=designer&op=designer_edit ) 
ERR: Db Error: Unknown column 'sn_id' in 'where clause'
SELECT * FROM `33hao_designer` WHERE ( sn_id = '1' ) LIMIT 1  
[2015-09-22 18:23:54] /33hao/shop/index.php?act=designer&op=designer_edit&sn_id=1 ( act=designer&op=designer_edit ) 
ERR: Db Error: Unknown column 'sn_id' in 'where clause'
SELECT * FROM `33hao_designer` WHERE ( sn_id = '1' ) LIMIT 1  
[2015-09-22 18:24:08] /33hao/shop/index.php?act=designer&op=designer_edit&sn_id=1 ( act=designer&op=designer_edit ) 
ERR: Db Error: Unknown column 'sn_id' in 'where clause'
SELECT * FROM `33hao_designer` WHERE ( sn_id = '1' ) LIMIT 1  
