[2015-12-14 11:36:22] /33hao/shop/index.php ( act=buy&op=buy_step2 ) 
ERR: Db Error: Column 'buyer_email' cannot be null
INSERT  INTO `33hao_order` (order_sn,pay_sn,store_id,store_name,buyer_id,buyer_name,buyer_email,add_time,payment_code,order_state,order_amount,shipping_fee,goods_amount,order_from) VALUES ('7000000000001001','210503408182235031','12','宜家','31','user_001_001',NULL,'1450064180','online','10','2220','0','2220','1')
[2015-12-14 12:33:15] /33hao/shop/index.php ( act=buy&op=buy_step2 ) 
ERR: Db Error: Column 'buyer_email' cannot be null
INSERT  INTO `33hao_order` (order_sn,pay_sn,store_id,store_name,buyer_id,buyer_name,buyer_email,add_time,payment_code,order_state,order_amount,shipping_fee,goods_amount,order_from) VALUES ('7000000000001101','180503411595369031','12','宜家','31','user_001_001',NULL,'1450067595','online','10','123','0','123','1')
[2015-12-14 12:33:24] /33hao/shop/index.php ( act=buy&op=buy_step2 ) 
ERR: Db Error: Column 'buyer_email' cannot be null
INSERT  INTO `33hao_order` (order_sn,pay_sn,store_id,store_name,buyer_id,buyer_name,buyer_email,add_time,payment_code,order_state,order_amount,shipping_fee,goods_amount,order_from) VALUES ('7000000000001201','680503411604182031','12','宜家','31','user_001_001',NULL,'1450067604','online','10','123','0','123','1')
[2015-12-14 12:34:26] /33hao/shop/index.php ( act=buy&op=buy_step2 ) 
ERR: Db Error: Column 'buyer_email' cannot be null
INSERT  INTO `33hao_order` (order_sn,pay_sn,store_id,store_name,buyer_id,buyer_name,buyer_email,add_time,payment_code,order_state,order_amount,shipping_fee,goods_amount,order_from) VALUES ('7000000000001301','710503411666070031','12','宜家','31','user_001_001',NULL,'1450067665','online','10','123','0','123','1')
[2015-12-14 13:11:18] /33hao/mobile/index.php?act=member_buy&op=buy_step2&cart_ids=252|1&key=65d16e5ed32a5732c5d121395c73d785&ifcart=0&address_id=5&vat_hash=IrGzoBVzhl9kyQsXxNCZNZh5HKY_IYNE0jv&pay_name=online&offpay_hash=alcHMA8JNUytcCJqc0k0olkHvjx7tTjwYXYpkNU&offpay_hash_batch=f9VTELGW0OhvwMGLbfpbSFnL8HeHMpZpbZo193UBOEklBNU ( act=member_buy&op=buy_step2 ) 
ERR: Db Error: Column 'buyer_email' cannot be null
INSERT  INTO `33hao_order` (order_sn,pay_sn,store_id,store_name,buyer_id,buyer_name,buyer_email,add_time,payment_code,order_state,order_amount,shipping_fee,goods_amount,order_from) VALUES ('7000000000001501','870503413878611016','6','马家湾建材家居','16','18934488948',NULL,'1450069878','online','10','958','0','958','2')
[2015-12-14 13:27:26] /33hao/mobile/index.php?act=member_buy&op=buy_step2&cart_ids=252|1&key=65d16e5ed32a5732c5d121395c73d785&ifcart=0&address_id=5&vat_hash=IrGzoBVzhl9kyQsXxNCZNZh5HKY_IYNE0jv&pay_name=online&offpay_hash=alcHMA8JNUytcCJqc0k0olkHvjx7tTjwYXYpkNU&offpay_hash_batch=f9VTELGW0OhvwMGLbfpbSFnL8HeHMpZpbZo193UBOEklBNU ( act=member_buy&op=buy_step2 ) 
ERR: Db Error: Column 'buyer_email' cannot be null
INSERT  INTO `33hao_order` (order_sn,pay_sn,store_id,store_name,buyer_id,buyer_name,buyer_email,add_time,payment_code,order_state,order_amount,shipping_fee,goods_amount,order_from) VALUES ('7000000000001601','470503414846118016','6','马家湾建材家居','16','18934488948',NULL,'1450070845','online','10','958','0','958','2')
[2015-12-14 13:27:29] /33hao/mobile/index.php?act=member_buy&op=buy_step2&cart_ids=252|1&key=65d16e5ed32a5732c5d121395c73d785&ifcart=0&address_id=5&vat_hash=IrGzoBVzhl9kyQsXxNCZNZh5HKY_IYNE0jv&pay_name=online&offpay_hash=alcHMA8JNUytcCJqc0k0olkHvjx7tTjwYXYpkNU&offpay_hash_batch=f9VTELGW0OhvwMGLbfpbSFnL8HeHMpZpbZo193UBOEklBNU ( act=member_buy&op=buy_step2 ) 
ERR: Db Error: Column 'buyer_email' cannot be null
INSERT  INTO `33hao_order` (order_sn,pay_sn,store_id,store_name,buyer_id,buyer_name,buyer_email,add_time,payment_code,order_state,order_amount,shipping_fee,goods_amount,order_from) VALUES ('7000000000001701','950503414849280016','6','马家湾建材家居','16','18934488948',NULL,'1450070849','online','10','958','0','958','2')
[2015-12-14 18:37:02] /33hao/shop/index.php?act=store_promotion_booth&op=adposition_apply&adp_id=10 ( act=store_promotion_booth&op=adposition_apply ) 
ERR: Db Error: You have an error in your SQL syntax; check the manual that corresponds to your MySQL server version for the right syntax to use near '0','1','3'') and rec_applys.store_id='12'' at line 1
SELECT rec_applys.* FROM `33hao_rec_applys` as `rec_applys`  WHERE  rec_applys.adp_id = '10' and adp_apply_state in (''0','1','3'') and rec_applys.store_id='12'
[2015-12-14 18:37:47] /33hao/shop/index.php?act=store_promotion_booth&op=adposition_apply&adp_id=10&name=2 ( act=store_promotion_booth&op=adposition_apply ) 
ERR: Db Error: You have an error in your SQL syntax; check the manual that corresponds to your MySQL server version for the right syntax to use near '0','1','3'') and rec_applys.store_id='12'' at line 1
SELECT rec_applys.* FROM `33hao_rec_applys` as `rec_applys`  WHERE  rec_applys.adp_id = '10' and adp_apply_state in (''0','1','3'') and rec_applys.store_id='12'
[2015-12-14 18:37:54] /33hao/shop/index.php?act=store_promotion_booth&op=adposition_apply&adp_id=10 ( act=store_promotion_booth&op=adposition_apply ) 
ERR: Db Error: You have an error in your SQL syntax; check the manual that corresponds to your MySQL server version for the right syntax to use near '0','1','3'') and rec_applys.store_id='12'' at line 1
SELECT rec_applys.* FROM `33hao_rec_applys` as `rec_applys`  WHERE  rec_applys.adp_id = '10' and adp_apply_state in (''0','1','3'') and rec_applys.store_id='12'
[2015-12-14 18:38:11] /33hao/shop/index.php?act=store_promotion_booth&op=adposition_apply&adp_id=12 ( act=store_promotion_booth&op=adposition_apply ) 
ERR: Db Error: You have an error in your SQL syntax; check the manual that corresponds to your MySQL server version for the right syntax to use near '0','1','3'') and rec_applys.store_id='12'' at line 1
SELECT rec_applys.* FROM `33hao_rec_applys` as `rec_applys`  WHERE  rec_applys.adp_id = '12' and adp_apply_state in (''0','1','3'') and rec_applys.store_id='12'
[2015-12-14 18:38:15] /33hao/shop/index.php?act=store_promotion_booth&op=adposition_apply&adp_id=12&name=2 ( act=store_promotion_booth&op=adposition_apply ) 
ERR: Db Error: You have an error in your SQL syntax; check the manual that corresponds to your MySQL server version for the right syntax to use near '0','1','3'') and rec_applys.store_id='12'' at line 1
SELECT rec_applys.* FROM `33hao_rec_applys` as `rec_applys`  WHERE  rec_applys.adp_id = '12' and adp_apply_state in (''0','1','3'') and rec_applys.store_id='12'
[2015-12-14 18:38:21] /33hao/shop/index.php?act=store_promotion_booth&op=adposition_apply&adp_id=12&name=2 ( act=store_promotion_booth&op=adposition_apply ) 
ERR: Db Error: You have an error in your SQL syntax; check the manual that corresponds to your MySQL server version for the right syntax to use near '0','1','3'') and rec_applys.store_id='12'' at line 1
SELECT rec_applys.* FROM `33hao_rec_applys` as `rec_applys`  WHERE  rec_applys.adp_id = '12' and adp_apply_state in (''0','1','3'') and rec_applys.store_id='12'
[2015-12-14 18:38:24] /33hao/shop/index.php?act=store_promotion_booth&op=adposition_apply&adp_id=12&name=2 ( act=store_promotion_booth&op=adposition_apply ) 
ERR: Db Error: You have an error in your SQL syntax; check the manual that corresponds to your MySQL server version for the right syntax to use near '0','1','3'') and rec_applys.store_id='12'' at line 1
SELECT rec_applys.* FROM `33hao_rec_applys` as `rec_applys`  WHERE  rec_applys.adp_id = '12' and adp_apply_state in (''0','1','3'') and rec_applys.store_id='12'
[2015-12-14 18:38:32] /33hao/shop/index.php?act=store_promotion_booth&op=adposition_apply&adp_id=12 ( act=store_promotion_booth&op=adposition_apply ) 
ERR: Db Error: You have an error in your SQL syntax; check the manual that corresponds to your MySQL server version for the right syntax to use near '0','1','3'') and rec_applys.store_id='12'' at line 1
SELECT rec_applys.* FROM `33hao_rec_applys` as `rec_applys`  WHERE  rec_applys.adp_id = '12' and adp_apply_state in (''0','1','3'') and rec_applys.store_id='12'
[2015-12-14 18:38:36] /33hao/shop/index.php?act=store_promotion_booth&op=adposition_apply&adp_id=11 ( act=store_promotion_booth&op=adposition_apply ) 
ERR: Db Error: You have an error in your SQL syntax; check the manual that corresponds to your MySQL server version for the right syntax to use near '0','1','3'') and rec_applys.store_id='12'' at line 1
SELECT rec_applys.* FROM `33hao_rec_applys` as `rec_applys`  WHERE  rec_applys.adp_id = '11' and adp_apply_state in (''0','1','3'') and rec_applys.store_id='12'
[2015-12-14 18:38:40] /33hao/shop/index.php?act=store_promotion_booth&op=adposition_apply&adp_id=10 ( act=store_promotion_booth&op=adposition_apply ) 
ERR: Db Error: You have an error in your SQL syntax; check the manual that corresponds to your MySQL server version for the right syntax to use near '0','1','3'') and rec_applys.store_id='12'' at line 1
SELECT rec_applys.* FROM `33hao_rec_applys` as `rec_applys`  WHERE  rec_applys.adp_id = '10' and adp_apply_state in (''0','1','3'') and rec_applys.store_id='12'
[2015-12-14 19:04:13] /33hao/shop/index.php?act=store_promotion_booth&op=adposition_apply&adp_id=12 ( act=store_promotion_booth&op=adposition_apply ) 
ERR: Db Error: You have an error in your SQL syntax; check the manual that corresponds to your MySQL server version for the right syntax to use near '0','1','3'') and rec_applys.store_id='12'' at line 1
SELECT rec_applys.* FROM `33hao_rec_applys` as `rec_applys`  WHERE  rec_applys.adp_id = '12' and adp_apply_state in (''0','1','3'') and rec_applys.store_id='12'
